 THIS SOFTWARE AND ANY ACCOMPANYING DOCUMENTATION
 IS RELEASED "AS IS".  THE U.S. GOVERNMENT MAKES NO
 WARRANTY OF ANY KIND, EXPRESS OR IMPLIED, CONCERNING
 THIS SOFTWARE AND ANY ACCOMPANYING DOCUMENTATION,
 INCLUDING, WITHOUT LIMITATION, ANY WARRANTIES OF
 MERCHANTABILITY OR FITNESS FOR A PARTICULAR PURPOSE.
 IN NO EVENT WILL THE U.S. GOVERNMENT BE LIABLE FOR ANY
 DAMAGES, INCLUDING LOST PROFITS, LOST SAVINGS OR OTHER
 INCIDENTAL OR CONSEQUENTIAL DAMAGES ARISING OUT OF THE 
 USE, OR INABILITY TO USE, THIS SOFTWARE OR ANY
 ACCOMPANYING DOCUMENTATION, EVEN IF INFORMED IN ADVANCE
 OF THE POSSIBILITY OF SUCH DAMAGES.
  ****************************************************
  *    USAF STABILITY AND CONTROL  DIGITAL DATCOM    *
  *    PROGRAM REV. JAN 96   DIRECT INQUIRIES TO:    *
  *    WRIGHT LABORATORY  (WL/FIGC)  ATTN: W. BLAKE  *
  *      WRIGHT PATTERSON AFB, OHIO  45433           *
  *    PHONE (513) 255-6764,   FAX (513) 258-4054    *
  ****************************************************
 Preparing to start the big loop
 At 1000
1                         CONERR - INPUT ERROR CHECKING
0 ERROR CODES - N* DENOTES THE NUMBER OF OCCURENCES OF EACH ERROR
0 A - UNKNOWN VARIABLE NAME
0 B - MISSING EQUAL SIGN FOLLOWING VARIABLE NAME
0 C - NON-ARRAY VARIABLE HAS AN ARRAY ELEMENT DESIGNATION - (N)
0 D - NON-ARRAY VARIABLE HAS MULTIPLE VALUES ASSIGNED
0 E - ASSIGNED VALUES EXCEED ARRAY DIMENSION
0 F - SYNTAX ERROR

0******************************  INPUT DATA CARDS  ******************************

 CASEID Wing + Body + Aileron                                                    
 DIM M                                                                           
  $FLTCON                                                                        
   LOOP=3.0,                                                                     
   NMACH=1.0,                                                                    
   MACH(1)=0.123,                                                                
   NALT=1.0,                                                                     
   ALT(1)=1524.0,                                                                
   NALPHA=1.0,                                                                   
   ALSCHD(1)=0.0$                                                                
  $SYNTHS                                                                        
   XCG=2.11,                                                                     
   ZCG=1.26,                                                                     
   XW=1.68,                                                                      
   ZW=2.04,                                                                      
   ALIW=1.5,                                                                     
   XH=6.16,                                                                      
   ZH=1.68,                                                                      
   ALIH=0.0,                                                                     
   XV=5.88,                                                                      
   ZV=1.55,                                                                      
   SCALE=1.0,                                                                    
   VERTUP=.TRUE.$                                                                
  $BODY                                                                          
   NX=8.0,                                                                       
   ITYPE=2.0,                                                                    
   METHOD=2.0,                                                                   
   X(1)=0.10,0.30,0.77,1.22,1.68,3.40,3.91,7.41,                                 
   R(1)=0.14,0.32,0.49,0.52,0.72,0.59,0.44,0.10,                                 
   ZU(1)=1.42,1.49,1.59,1.65,2.04,1.98,1.77,1.75,                                
   ZL(1)=1.14,0.85,0.61,0.61,0.61,0.80,0.90,1.55$                                
 NACA-W-4-2412                                                                   
  $WGPLNF                                                                        
   CHRDR=1.626,                                                                  
   CHRDBP=1.626,                                                                 
   CHRDTP=1.13,                                                                  
   SSPN=5.49,                                                                    
   SSPNE=4.75,                                                                   
   SSPNOP=2.941,                                                                 
   SAVSI=0.0,                                                                    
   SAVSO=3.0,                                                                    
   CHSTAT=0.0,                                                                   
   TWISTA=-3.0,                                                                  
   DHDADI=1.7333,                                                                
   DHDADO=1.7333,                                                                
   TYPE=1.0$                                                                     
  $ASYFLP                                                                        
   NDELTA=5.0,                                                                   
   STYPE=5.0,                                                                    
   DELTAL(1)=-5.,-2.5,0.,2.5,5.,                                                 
   DELTAR(1)=5.,2.5,0.,-2.5,-5.,                                                 
   CHRDFI=0.312,                                                                 
   CHRDFO=0.312,                                                                 
   SPANFI=2.44,                                                                  
   SPANFO=5.15$                                                                  
 SAVE                                                                            
 NEXT CASE                                                                       
 CASEID Wing + Body + Vertical Tail + Horizontal Tail + Elevator                 
 NACA-V-4-0009                                                                   
  $VTPLNF                                                                        
   CHRDR=1.53,                                                                   
   CHRDTP=0.70,                                                                  
   SSPN=1.62,                                                                    
   SSPNE=1.42,                                                                   
   SAVSI=33.0,                                                                   
   CHSTAT=0.25,                                                                  
   TYPE=1.0$                                                                     
 NACA-H-4-0012                                                                   
  $HTPLNF                                                                        
   CHRDR=1.24,                                                                   
   CHRDTP=0.77,                                                                  
   SSPN=1.73,                                                                    
   SSPNE=1.50,                                                                   
   SAVSI=9.0,                                                                    
   CHSTAT=0.0,                                                                   
   TWISTA=0.0,                                                                   
   DHDADI=0.0,                                                                   
   TYPE=1.0$                                                                     
  $SYMFLP                                                                        
   FTYPE=1.0,                                                                    
   SPANFI=0.23,                                                                  
   SPANFO=1.727,                                                                 
   CHRDFI=0.56,                                                                  
   CHRDFO=0.27,                                                                  
   NTYPE=1.0,                                                                    
 DERIV RAD LATDER                                                                
 DAMP                                                                            
1          THE FOLLOWING IS A LIST OF ALL INPUT CARDS FOR THIS CASE.
0
 CASEID Wing + Body + Aileron                                                    
 DIM M                                                                           
  $FLTCON                                                                        
   LOOP=3.0,                                                                     
   NMACH=1.0,                                                                    
   MACH(1)=0.123,                                                                
   NALT=1.0,                                                                     
   ALT(1)=1524.0,                                                                
   NALPHA=1.0,                                                                   
   ALSCHD(1)=0.0$                                                                
  $SYNTHS                                                                        
   XCG=2.11,                                                                     
   ZCG=1.26,                                                                     
   XW=1.68,                                                                      
   ZW=2.04,                                                                      
   ALIW=1.5,                                                                     
   XH=6.16,                                                                      
   ZH=1.68,                                                                      
   ALIH=0.0,                                                                     
   XV=5.88,                                                                      
   ZV=1.55,                                                                      
   SCALE=1.0,                                                                    
   VERTUP=.TRUE.$                                                                
  $BODY                                                                          
   NX=8.0,                                                                       
   ITYPE=2.0,                                                                    
   METHOD=2.0,                                                                   
   X(1)=0.10,0.30,0.77,1.22,1.68,3.40,3.91,7.41,                                 
   R(1)=0.14,0.32,0.49,0.52,0.72,0.59,0.44,0.10,                                 
   ZU(1)=1.42,1.49,1.59,1.65,2.04,1.98,1.77,1.75,                                
   ZL(1)=1.14,0.85,0.61,0.61,0.61,0.80,0.90,1.55$                                
 NACA-W-4-2412                                                                   
  $WGPLNF                                                                        
   CHRDR=1.626,                                                                  
   CHRDBP=1.626,                                                                 
   CHRDTP=1.13,                                                                  
   SSPN=5.49,                                                                    
   SSPNE=4.75,                                                                   
   SSPNOP=2.941,                                                                 
   SAVSI=0.0,                                                                    
   SAVSO=3.0,                                                                    
   CHSTAT=0.0,                                                                   
   TWISTA=-3.0,                                                                  
   DHDADI=1.7333,                                                                
   DHDADO=1.7333,                                                                
   TYPE=1.0$                                                                     
  $ASYFLP                                                                        
   NDELTA=5.0,                                                                   
   STYPE=5.0,                                                                    
   DELTAL(1)=-5.,-2.5,0.,2.5,5.,                                                 
   DELTAR(1)=5.,2.5,0.,-2.5,-5.,                                                 
   CHRDFI=0.312,                                                                 
   CHRDFO=0.312,                                                                 
   SPANFI=2.44,                                                                  
   SPANFO=5.15$                                                                  
 SAVE                                                                            
 NEXT CASE                                                                       
0 INPUT DIMENSIONS ARE IN M , SCALE FACTOR IS 1.0000

 Return to main program from M01O01
1                             AUTOMATED STABILITY AND CONTROL METHODS PER APRIL 1976 VERSION OF DATCOM   
                                                        WING SECTION DEFINITION
0                                 IDEAL ANGLE OF ATTACK =   0.25757 DEG.

                              ZERO LIFT ANGLE OF ATTACK =  -1.87965 DEG.

                                 IDEAL LIFT COEFFICIENT =   0.25602

                  ZERO LIFT PITCHING MOMENT COEFFICIENT =  -0.05087

                             MACH ZERO LIFT-CURVE-SLOPE =   0.09617 /DEG.

                                    LEADING EDGE RADIUS =   0.01587 FRACTION CHORD

                              MAXIMUM AIRFOIL THICKNESS =   0.12000 FRACTION CHORD

                                                DELTA-Y =   3.16898 PERCENT CHORD


0                         MACH= 0.1230 LIFT-CURVE-SLOPE =   0.09675 /DEG.      XAC =   0.25817
 Return to main program from M50O62
 Return to main program from M02O02
 Return to main program from M51O63
1                               AUTOMATED STABILITY AND CONTROL METHODS PER APRIL 1976 VERSION OF DATCOM
                                         CHARACTERISTICS AT ANGLE OF ATTACK AND IN SIDESLIP
                                                       WING-BODY CONFIGURATION
                                                       Wing + Body + Aileron
 
 -----------------------  FLIGHT CONDITIONS  ------------------------           --------------  REFERENCE DIMENSIONS  ------------
  MACH    ALTITUDE   VELOCITY    PRESSURE    TEMPERATURE     REYNOLDS             REF.      REFERENCE LENGTH   MOMENT REF. CENTER
 NUMBER                                                       NUMBER              AREA       LONG.     LAT.     HORIZ      VERT
              M        M/SEC      N/ M**2       DEG K         1/ M                M**2         M         M         M         M
0 0.123    1524.00      41.13   8.4311E+04     278.246     2.4821E+06            16.395      1.511    10.980     2.110     1.260
0                                                               -------------------DERIVATIVE (PER DEGREE)-------------------
0 ALPHA     CD       CL       CM       CN       CA       XCP        CLA          CMA          CYB          CNB          CLB
0
    0.0    0.017    0.179   -0.0273   0.179    0.017   -0.152    0.000E+00    0.000E+00   -2.835E-03   -5.243E-04   -3.399E-03
1                            AUTOMATED STABILITY AND CONTROL METHODS PER APRIL 1976 VERSION OF DATCOM
                                         CHARACTERISTICS OF HIGH LIFT AND CONTROL DEVICES
                              DIFFERENTIALLY DEFLECTED HORIZONTAL STABILIZER CONFIGURATION
                                                       Wing + Body + Aileron
 -----------------------  FLIGHT CONDITIONS  ------------------------           --------------  REFERENCE DIMENSIONS  ------------
  MACH    ALTITUDE   VELOCITY    PRESSURE    TEMPERATURE     REYNOLDS             REF.      REFERENCE LENGTH   MOMENT REF. CENTER
 NUMBER                                                       NUMBER              AREA       LONG.     LAT.     HORIZ      VERT
              M        M/SEC      N/ M**2       DEG K         1/ M                M**2         M         M         M         M
0 0.123    1524.00      41.13   3.6776E+01     901.518     2.3059E+05            16.395      1.511    10.980     2.110     1.260
0                                 ----------ROLLING-MOMENT COEFFICIENT DUE TO DEFLECTION----------
0(DELTAL-DELTAR)=-10.0        -5.0         0.0         5.0        10.0
0ALPHA
0
   0.0         0.000E+00   0.000E+00   0.000E+00   0.000E+00   0.000E+00
 Return to main program from M57O71
1          THE FOLLOWING IS A LIST OF ALL INPUT CARDS FOR THIS CASE.
0
 CASEID Wing + Body + Vertical Tail + Horizontal Tail + Elevator                 
 NACA-V-4-0009                                                                   
  $VTPLNF                                                                        
   CHRDR=1.53,                                                                   
   CHRDTP=0.70,                                                                  
   SSPN=1.62,                                                                    
   SSPNE=1.42,                                                                   
   SAVSI=33.0,                                                                   
   CHSTAT=0.25,                                                                  
   TYPE=1.0$                                                                     
 NACA-H-4-0012                                                                   
  $HTPLNF                                                                        
   CHRDR=1.24,                                                                   
   CHRDTP=0.77,                                                                  
   SSPN=1.73,                                                                    
   SSPNE=1.50,                                                                   
   SAVSI=9.0,                                                                    
   CHSTAT=0.0,                                                                   
   TWISTA=0.0,                                                                   
   DHDADI=0.0,                                                                   
   TYPE=1.0$                                                                     
  $SYMFLP                                                                        
   FTYPE=1.0,                                                                    
   SPANFI=0.23,                                                                  
   SPANFO=1.727,                                                                 
   CHRDFI=0.56,                                                                  
   CHRDFO=0.27,                                                                  
   NTYPE=1.0,                                                                    
 DERIV RAD LATDER                                                                
 DAMP                                                                            
0ERROR ** FLAP INBOARD SPAN, SPANI = 0.23000E+00, IT IS INSIDE THE BODY AS DEFINED BY SSPN AND SSPNE
          SPANI IS REDEFINED, SPANI = SSPN-SSPNE = 0.23000E+00

0 INPUT DIMENSIONS ARE IN M , SCALE FACTOR IS 1.0000

 Return to main program from M01O01
1                             AUTOMATED STABILITY AND CONTROL METHODS PER APRIL 1976 VERSION OF DATCOM   
                                                        WING SECTION DEFINITION
0                                 IDEAL ANGLE OF ATTACK =   0.25757 DEG.

                              ZERO LIFT ANGLE OF ATTACK =  -1.87965 DEG.

                                 IDEAL LIFT COEFFICIENT =   0.25602

                  ZERO LIFT PITCHING MOMENT COEFFICIENT =  -0.05087

                             MACH ZERO LIFT-CURVE-SLOPE =   0.09617 /DEG.

                                    LEADING EDGE RADIUS =   0.01587 FRACTION CHORD

                              MAXIMUM AIRFOIL THICKNESS =   0.12000 FRACTION CHORD

                                                DELTA-Y =   3.16898 PERCENT CHORD


0                         MACH= 0.1230 LIFT-CURVE-SLOPE =   0.09675 /DEG.      XAC =   0.25817
1                             AUTOMATED STABILITY AND CONTROL METHODS PER APRIL 1976 VERSION OF DATCOM   
                                                   HORIZONTAL TAIL SECTION DEFINITION
0                                 IDEAL ANGLE OF ATTACK =   0.00000 DEG.

                              ZERO LIFT ANGLE OF ATTACK =   0.00000 DEG.

                                 IDEAL LIFT COEFFICIENT =   0.00000

                  ZERO LIFT PITCHING MOMENT COEFFICIENT =   0.00000

                             MACH ZERO LIFT-CURVE-SLOPE =   0.09596 /DEG.

                                    LEADING EDGE RADIUS =   0.01587 FRACTION CHORD

                              MAXIMUM AIRFOIL THICKNESS =   0.12000 FRACTION CHORD

                                                DELTA-Y =   3.16898 PERCENT CHORD


0                         MACH= 0.1230 LIFT-CURVE-SLOPE =   0.09657 /DEG.      XAC =   0.25859
1                             AUTOMATED STABILITY AND CONTROL METHODS PER APRIL 1976 VERSION OF DATCOM   
                                                    VERTICAL TAIL SECTION DEFINITION
0                                 IDEAL ANGLE OF ATTACK =   0.00000 DEG.

                              ZERO LIFT ANGLE OF ATTACK =   0.00000 DEG.

                                 IDEAL LIFT COEFFICIENT =   0.00000

                  ZERO LIFT PITCHING MOMENT COEFFICIENT =   0.00000

                             MACH ZERO LIFT-CURVE-SLOPE =   0.09830 /DEG.

                                    LEADING EDGE RADIUS =   0.00893 FRACTION CHORD

                              MAXIMUM AIRFOIL THICKNESS =   0.09000 FRACTION CHORD

                                                DELTA-Y =   2.37673 PERCENT CHORD


0                         MACH= 0.1230 LIFT-CURVE-SLOPE =   0.09896 /DEG.      XAC =   0.25653
 Return to main program from M50O62
 Return to main program from M02O02
 Return to main program from M51O63
1                               AUTOMATED STABILITY AND CONTROL METHODS PER APRIL 1976 VERSION OF DATCOM
                                         CHARACTERISTICS AT ANGLE OF ATTACK AND IN SIDESLIP
                                        WING-BODY-VERTICAL TAIL-HORIZONTAL TAIL CONFIGURATION
                                     Wing + Body + Vertical Tail + Horizontal Tail + Elevator
 
 -----------------------  FLIGHT CONDITIONS  ------------------------           --------------  REFERENCE DIMENSIONS  ------------
  MACH    ALTITUDE   VELOCITY    PRESSURE    TEMPERATURE     REYNOLDS             REF.      REFERENCE LENGTH   MOMENT REF. CENTER
 NUMBER                                                       NUMBER              AREA       LONG.     LAT.     HORIZ      VERT
              M        M/SEC      N/ M**2       DEG K         1/ M                M**2         M         M         M         M
0 0.123    1524.00      41.13   8.4311E+04     278.246     2.4821E+06            16.395      1.511    10.980     2.110     1.260
0                                                               -------------------DERIVATIVE (PER RADIAN)-------------------
0 ALPHA     CD       CL       CM       CN       CA       XCP        CLA          CMA          CYB          CNB          CLB
0
    0.0    0.019    0.179   -0.0268   0.179    0.019   -0.149    0.000E+00      NDM       -2.906E-01    2.381E-02   -2.064E-01
0                                    ALPHA     Q/QINF    EPSLON  D(EPSLON)/D(ALPHA)
0
                                      0.0      1.000      0.356        0.000
0*** NDM PRINTED WHEN NO DATCOM METHODS EXIST
1                               AUTOMATED STABILITY AND CONTROL METHODS PER APRIL 1976 VERSION OF DATCOM
                                                         DYNAMIC DERIVATIVES
                                        WING-BODY-VERTICAL TAIL-HORIZONTAL TAIL CONFIGURATION
                                     Wing + Body + Vertical Tail + Horizontal Tail + Elevator
 
 -----------------------  FLIGHT CONDITIONS  ------------------------           --------------  REFERENCE DIMENSIONS  ------------
  MACH    ALTITUDE   VELOCITY    PRESSURE    TEMPERATURE     REYNOLDS             REF.      REFERENCE LENGTH   MOMENT REF. CENTER
 NUMBER                                                       NUMBER              AREA       LONG.     LAT.     HORIZ      VERT
              M        M/SEC      N/ M**2       DEG K         1/ M                M**2         M         M         M         M
0 0.123    1524.00      41.13   8.4311E+04     278.246     2.4821E+06            16.395      1.511    10.980     2.110     1.260
                                                    DYNAMIC DERIVATIVES (PER RADIAN)
0           -------PITCHING-------    -----ACCELERATION------    --------------ROLLING--------------    --------YAWING--------
0   ALPHA       CLQ          CMQ           CLAD         CMAD         CLP          CYP          CNP          CNR          CLR
0
     0.00    2.330E+00    1.324E-02       NDM          NDM          NDM          NDM          NDM       -4.791E-02    3.467E-02
0*** CLP CALCULATIONS ARE ONLY THE VERTICAL TAIL INCREMENTS
0*** NDM PRINTED WHEN NO DATCOM METHODS EXIST
1                            AUTOMATED STABILITY AND CONTROL METHODS PER APRIL 1976 VERSION OF DATCOM
                                         CHARACTERISTICS OF HIGH LIFT AND CONTROL DEVICES
                                            TAIL PLAIN TRAILING-EDGE FLAP CONFIGURATION
                                     Wing + Body + Vertical Tail + Horizontal Tail + Elevator
 -----------------------  FLIGHT CONDITIONS  ------------------------           --------------  REFERENCE DIMENSIONS  ------------
  MACH    ALTITUDE   VELOCITY    PRESSURE    TEMPERATURE     REYNOLDS             REF.      REFERENCE LENGTH   MOMENT REF. CENTER
 NUMBER                                                       NUMBER              AREA       LONG.     LAT.     HORIZ      VERT
              M        M/SEC      N/ M**2       DEG K         1/ M                M**2         M         M         M         M
0 0.123    1524.00      41.13   3.6776E+01     901.518     2.3059E+05            16.395      1.511    10.980     2.110     1.260
0            ---------INCREMENTS DUE TO DEFLECTION---------              ---DERIVATIVES (PER DEGREE)---
0     DELTA     D(CL)     D(CM)    D(CL MAX)    D(CD MIN)                (CLA)D     (CH)A       (CH)D


0  *** NOTE * HINGE MOMENT DERIVATIVES ARE BASED ON TWICE THE AREA-MOMENT OF THE CONTROL ABOUT ITS HINGE LINE

0            --------- INDUCED DRAG COEFFICIENT INCREMENT , D(CDI) , DUE TO DEFLECTION ---------
0       DELTA = 
   ALPHA
0
     0.0
 Return to main program from M57O71
1 END OF JOB.
